-------------------------------------------------------------------------------
Test set: com.fsd_java.demo.controller.TaskRESTControllerTest
-------------------------------------------------------------------------------
Tests run: 1, Failures: 1, Errors: 0, Skipped: 0, Time elapsed: 1.978 s <<< FAILURE! - in com.fsd_java.demo.controller.TaskRESTControllerTest
createUser on createUser(com.fsd_java.demo.controller.TaskRESTControllerTest)(com.fsd_java.demo.controller.TaskRESTControllerTest)  Time elapsed: 0.031 s  <<< FAILURE!
java.lang.IllegalStateException: Failed to load ApplicationContext
Caused by: java.lang.IllegalArgumentException: Cannot load an ApplicationContext with a NULL 'contextLoader'. Consider annotating your test class with @ContextConfiguration or @ContextHierarchy.

